<?xml version="1.0" encoding="UTF-8"?>
<testng-results skipped="0" failed="0" ignored="0" total="1" passed="1">
  <reporter-output>
  </reporter-output>
  <suite name="Default suite" duration-ms="18521" started-at="2020-11-10T11:19:40Z" finished-at="2020-11-10T11:19:59Z">
    <groups>
    </groups>
    <test name="Default test" duration-ms="18521" started-at="2020-11-10T11:19:40Z" finished-at="2020-11-10T11:19:59Z">
      <class name="Assignment.search.TestClass">
        <test-method status="PASS" signature="practice()[pri:0, instance:Assignment.search.TestClass@754ba872]" name="practice" duration-ms="18381" started-at="2020-11-10T11:19:41Z" finished-at="2020-11-10T11:19:59Z">
          <reporter-output>
          </reporter-output>
        </test-method> <!-- practice -->
      </class> <!-- Assignment.search.TestClass -->
    </test> <!-- Default test -->
  </suite> <!-- Default suite -->
</testng-results>
